Error on init event: script/init.lua:3: module 'env' not found:
	no field package.preload['env']
	no file './env.lua'
	no file '/usr/local/share/lua/5.1/env.lua'
	no file '/usr/local/share/lua/5.1/env/init.lua'
	no file '/usr/local/lib/lua/5.1/env.lua'
	no file '/usr/local/lib/lua/5.1/env/init.lua'
	no file './env.so'
	no file '/usr/local/lib/lua/5.1/env.so'
	no file '/usr/local/lib/lua/5.1/loadall.so'
stack traceback:
	[C]: in function 'require'
	script/init.lua:3: in main chunk
Error on init event: error loading module 'as.config' from file 'script/as/config.lua':
	script/as/config.lua:22: 'then' expected near '='
stack traceback:
	[C]: ?
	[C]: in function 'require'
	script/init.lua:7: in main chunk
Error while trying to close game server socket: Bad file descriptor
Error on init event: error loading module 'as.config' from file 'script/as/config.lua':
	script/as/config.lua:27: '}' expected (to close '{' at line 16) near 'end'
stack traceback:
	[C]: ?
	[C]: in function 'require'
	script/init.lua:7: in main chunk
Error while trying to close game server socket: Bad file descriptor
Error on init event: script/init.lua:8: bad argument #1 to 'load' (function expected, got no value)
stack traceback:
	[C]: in function 'load'
	script/init.lua:8: in main chunk
Error while trying to close game server socket: Bad file descriptor
Error on init event: script/as/config.lua:40: bad argument #1 to 'pairs' (table expected, got nil)
stack traceback:
	[C]: in function 'pairs'
	script/as/config.lua:40: in function 'load'
	script/init.lua:8: in main chunk
Error while trying to close game server socket: Bad file descriptor
Error on init event: script/as/config.lua:8: module 'script/as/baseconf.lua' not found:
	no field package.preload['script/as/baseconf.lua']
	no file './script/as/baseconf/lua.lua'
	no file '/usr/local/share/lua/5.1/script/as/baseconf/lua.lua'
	no file '/usr/local/share/lua/5.1/script/as/baseconf/lua/init.lua'
	no file '/usr/local/lib/lua/5.1/script/as/baseconf/lua.lua'
	no file '/usr/local/lib/lua/5.1/script/as/baseconf/lua/init.lua'
	no file 'script/luarocks/src/script/as/baseconf/lua.lua'
	no file 'script/package/script/as/baseconf/lua.lua'
	no file 'script/package/script/as/baseconf/lua/init.lua'
	no file 'script/script/as/baseconf/lua.lua'
	no file 'script/script/as/baseconf/lua/init.lua'
	no file './script/as/baseconf/lua.so'
	no file '/usr/local/lib/lua/5.1/script/as/baseconf/lua.so'
	no file '/usr/local/lib/lua/5.1/loadall.so'
	no file 'lib/libscript/as/baseconf/lua.so'
	no file './script/as/baseconf.so'
	no file '/usr/local/lib/lua/5.1/script/as/baseconf.so'
	no file '/usr/local/lib/lua/5.1/loadall.so'
	no file 'lib/libscript/as/baseconf.so'
stack traceback:
	[C]: in function 'require'
	script/as/config.lua:8: in function 'loadConfigFile'
	script/as/config.lua:41: in function 'load'
	script/init.lua:8: in main chunk
Error while trying to close game server socket: Bad file descriptor
Error on init event: attempt to call a nil value
stack traceback:
	[C]: in function 'module'
	script/as/server.lua:2: in main chunk
	[C]: in function 'require'
	script/init.lua:10: in main chunk
Error while trying to close game server socket: Bad file descriptor
Error on init event: script/as/server.lua:10: C stack overflow
stack traceback:
	script/as/server.lua:10: in function <script/as/server.lua:8>
	script/as/server.lua:10: in function <script/as/server.lua:8>
	script/as/server.lua:10: in function <script/as/server.lua:8>
	script/as/server.lua:10: in function <script/as/server.lua:8>
	script/as/server.lua:10: in function <script/as/server.lua:8>
	script/as/server.lua:10: in function <script/as/server.lua:8>
	script/as/server.lua:10: in function <script/as/server.lua:8>
	script/as/server.lua:10: in function <script/as/server.lua:8>
	script/as/server.lua:10: in function <script/as/server.lua:8>
	script/as/server.lua:10: in function <script/as/server.lua:8>
	...
	script/as/server.lua:10: in function <script/as/server.lua:8>
	script/as/server.lua:10: in function <script/as/server.lua:8>
	script/as/server.lua:10: in function <script/as/server.lua:8>
	script/as/server.lua:10: in function <script/as/server.lua:8>
	script/as/server.lua:10: in function <script/as/server.lua:8>
	script/as/server.lua:10: in function <script/as/server.lua:8>
	script/as/server.lua:10: in function <script/as/server.lua:8>
	script/as/server.lua:34: in main chunk
	[C]: in function 'require'
	script/init.lua:10: in main chunk
Error while trying to close game server socket: Bad file descriptor
Error on init event: script/as/server.lua:10: C stack overflow
stack traceback:
	script/as/server.lua:10: in function <script/as/server.lua:8>
	script/as/server.lua:10: in function <script/as/server.lua:8>
	script/as/server.lua:10: in function <script/as/server.lua:8>
	script/as/server.lua:10: in function <script/as/server.lua:8>
	script/as/server.lua:10: in function <script/as/server.lua:8>
	script/as/server.lua:10: in function <script/as/server.lua:8>
	script/as/server.lua:10: in function <script/as/server.lua:8>
	script/as/server.lua:10: in function <script/as/server.lua:8>
	script/as/server.lua:10: in function <script/as/server.lua:8>
	script/as/server.lua:10: in function <script/as/server.lua:8>
	...
	script/as/server.lua:10: in function <script/as/server.lua:8>
	script/as/server.lua:10: in function <script/as/server.lua:8>
	script/as/server.lua:10: in function <script/as/server.lua:8>
	script/as/server.lua:10: in function <script/as/server.lua:8>
	script/as/server.lua:10: in function <script/as/server.lua:8>
	script/as/server.lua:10: in function <script/as/server.lua:8>
	script/as/server.lua:10: in function <script/as/server.lua:8>
	script/as/server.lua:34: in main chunk
	[C]: in function 'require'
	script/init.lua:10: in main chunk
Error while trying to close game server socket: Bad file descriptor
Error on init event: script/as/server.lua:15: C stack overflow
stack traceback:
	script/as/server.lua:15: in function <script/as/server.lua:9>
	script/as/server.lua:15: in function <script/as/server.lua:9>
	script/as/server.lua:15: in function <script/as/server.lua:9>
	script/as/server.lua:15: in function <script/as/server.lua:9>
	script/as/server.lua:15: in function <script/as/server.lua:9>
	script/as/server.lua:15: in function <script/as/server.lua:9>
	script/as/server.lua:15: in function <script/as/server.lua:9>
	script/as/server.lua:15: in function <script/as/server.lua:9>
	script/as/server.lua:15: in function <script/as/server.lua:9>
	script/as/server.lua:15: in function <script/as/server.lua:9>
	...
	script/as/server.lua:15: in function <script/as/server.lua:9>
	script/as/server.lua:15: in function <script/as/server.lua:9>
	script/as/server.lua:15: in function <script/as/server.lua:9>
	script/as/server.lua:15: in function <script/as/server.lua:9>
	script/as/server.lua:15: in function <script/as/server.lua:9>
	script/as/server.lua:15: in function <script/as/server.lua:9>
	script/as/server.lua:15: in function <script/as/server.lua:9>
	script/as/server.lua:35: in main chunk
	[C]: in function 'require'
	script/init.lua:10: in main chunk
Error while trying to close game server socket: Bad file descriptor
Error on init event: error loading module 'as.server' from file 'script/as/server.lua':
	script/as/server.lua:22: unexpected symbol near ','
stack traceback:
	[C]: ?
	[C]: in function 'require'
	script/init.lua:10: in main chunk
Error while trying to close game server socket: Bad file descriptor
Error on init event: script/as/event.lua:78: attempt to call global 'findEvent' (a nil value)
stack traceback:
	script/as/event.lua:78: in function 'createEvent'
	script/init.lua:13: in main chunk
Error while trying to close game server socket: Bad file descriptor
Error on init event: script/init.lua:17: attempt to call field 'init' (a table value)
stack traceback:
	script/init.lua:17: in main chunk
Error while trying to close game server socket: Bad file descriptor
Error on init event: script/init.lua:17: attempt to call field 'init' (a table value)
stack traceback:
	script/init.lua:17: in main chunk
Error while trying to close game server socket: Bad file descriptor
Error on init event: script/init.lua:17: attempt to call field 'init' (a nil value)
stack traceback:
	script/init.lua:17: in main chunk
Error while trying to close game server socket: Bad file descriptor
Error on init event: script/init.lua:19: attempt to call field 'init' (a nil value)
stack traceback:
	script/init.lua:19: in main chunk
Error while trying to close game server socket: Bad file descriptor
Error on init event: script/init.lua:19: attempt to call field 'init' (a nil value)
stack traceback:
	script/init.lua:19: in main chunk
Error while trying to close game server socket: Bad file descriptor
Error on init event: script/init.lua:8: bad argument #1 to 'load' (function expected, got no value)
stack traceback:
	[C]: in function 'load'
	script/init.lua:8: in main chunk
Error while trying to close game server socket: Bad file descriptor
Error on init event: script/init.lua:8: bad argument #1 to 'load' (function expected, got no value)
stack traceback:
	[C]: in function 'load'
	script/init.lua:8: in main chunk
Error while trying to close game server socket: Bad file descriptor
Error on init event: script/as/server.lua:8: C stack overflow
stack traceback:
	script/as/server.lua:8: in function <script/as/server.lua:7>
	script/as/server.lua:8: in function <script/as/server.lua:7>
	script/as/server.lua:8: in function <script/as/server.lua:7>
	script/as/server.lua:8: in function <script/as/server.lua:7>
	script/as/server.lua:8: in function <script/as/server.lua:7>
	script/as/server.lua:8: in function <script/as/server.lua:7>
	script/as/server.lua:8: in function <script/as/server.lua:7>
	script/as/server.lua:8: in function <script/as/server.lua:7>
	script/as/server.lua:8: in function <script/as/server.lua:7>
	script/as/server.lua:8: in function <script/as/server.lua:7>
	...
	script/as/server.lua:8: in function <script/as/server.lua:7>
	script/as/server.lua:8: in function <script/as/server.lua:7>
	script/as/server.lua:8: in function <script/as/server.lua:7>
	script/as/server.lua:8: in function <script/as/server.lua:7>
	script/as/server.lua:8: in function <script/as/server.lua:7>
	script/as/server.lua:8: in function <script/as/server.lua:7>
	script/as/server.lua:8: in function <script/as/server.lua:7>
	script/as/server.lua:8: in function <script/as/server.lua:7>
	script/as/server.lua:76: in function 'init'
	script/init.lua:20: in main chunk
Error while trying to close game server socket: Bad file descriptor
Error on init event: script/as/server.lua:8: C stack overflow
stack traceback:
	script/as/server.lua:8: in function <script/as/server.lua:7>
	script/as/server.lua:8: in function <script/as/server.lua:7>
	script/as/server.lua:8: in function <script/as/server.lua:7>
	script/as/server.lua:8: in function <script/as/server.lua:7>
	script/as/server.lua:8: in function <script/as/server.lua:7>
	script/as/server.lua:8: in function <script/as/server.lua:7>
	script/as/server.lua:8: in function <script/as/server.lua:7>
	script/as/server.lua:8: in function <script/as/server.lua:7>
	script/as/server.lua:8: in function <script/as/server.lua:7>
	script/as/server.lua:8: in function <script/as/server.lua:7>
	...
	script/as/server.lua:8: in function <script/as/server.lua:7>
	script/as/server.lua:8: in function <script/as/server.lua:7>
	script/as/server.lua:8: in function <script/as/server.lua:7>
	script/as/server.lua:8: in function <script/as/server.lua:7>
	script/as/server.lua:8: in function <script/as/server.lua:7>
	script/as/server.lua:8: in function <script/as/server.lua:7>
	script/as/server.lua:8: in function <script/as/server.lua:7>
	script/as/server.lua:8: in function <script/as/server.lua:7>
	script/as/server.lua:76: in function 'init'
	script/init.lua:18: in main chunk
Error while trying to close game server socket: Bad file descriptor
Error on init event: script/as/server.lua:9: C stack overflow
stack traceback:
	script/as/server.lua:9: in function <script/as/server.lua:8>
	script/as/server.lua:9: in function <script/as/server.lua:8>
	script/as/server.lua:9: in function <script/as/server.lua:8>
	script/as/server.lua:9: in function <script/as/server.lua:8>
	script/as/server.lua:9: in function <script/as/server.lua:8>
	script/as/server.lua:9: in function <script/as/server.lua:8>
	script/as/server.lua:9: in function <script/as/server.lua:8>
	script/as/server.lua:9: in function <script/as/server.lua:8>
	script/as/server.lua:9: in function <script/as/server.lua:8>
	script/as/server.lua:9: in function <script/as/server.lua:8>
	...
	script/as/server.lua:9: in function <script/as/server.lua:8>
	script/as/server.lua:9: in function <script/as/server.lua:8>
	script/as/server.lua:9: in function <script/as/server.lua:8>
	script/as/server.lua:9: in function <script/as/server.lua:8>
	script/as/server.lua:9: in function <script/as/server.lua:8>
	script/as/server.lua:9: in function <script/as/server.lua:8>
	script/as/server.lua:9: in function <script/as/server.lua:8>
	script/as/server.lua:9: in function <script/as/server.lua:8>
	script/as/server.lua:77: in function 'init'
	script/init.lua:18: in main chunk
Error while trying to close game server socket: Bad file descriptor
Error on init event: script/as/server.lua:73: attempt to call global 'pairs' (a nil value)
stack traceback:
	script/as/server.lua:73: in function 'init'
	script/init.lua:18: in main chunk
Error while trying to close game server socket: Bad file descriptor
Error on init event: script/as/server.lua:74: bad argument #1 to 'pairs' (table expected, got nil)
stack traceback:
	[C]: in function 'pairs'
	script/as/server.lua:74: in function 'init'
	script/init.lua:18: in main chunk
Error while trying to close game server socket: Bad file descriptor
Error on init event: script/as/server.lua:74: bad argument #1 to 'pairs' (table expected, got nil)
stack traceback:
	[C]: in function 'pairs'
	script/as/server.lua:74: in function 'init'
	script/init.lua:18: in main chunk
Error while trying to close game server socket: Bad file descriptor
Error on init event: script/init.lua:20: attempt to call field 'run' (a nil value)
stack traceback:
	script/init.lua:20: in main chunk
Error while trying to close game server socket: Bad file descriptor
Error while trying to close game server socket: Bad file descriptor
Error on init event: script/package/std/table.lua:64: attempt to call upvalue 'ctable' (a nil value)
stack traceback:
	script/package/std/table.lua:64: in function 'merge'
	script/package/utils/table.lua:151: in function 'mergeRecursive'
	script/as/config.lua:8: in function 'loadConfigFile'
	script/as/config.lua:41: in function 'load'
	script/init.lua:8: in main chunk
Error while trying to close game server socket: Bad file descriptor
Error on init event: script/package/std/table.lua:64: attempt to call upvalue 'ctable' (a nil value)
stack traceback:
	script/package/std/table.lua:64: in function 'merge'
	script/package/utils/table.lua:198: in function 'mergeRecursive'
	script/as/config.lua:8: in function 'loadConfigFile'
	script/as/config.lua:41: in function 'load'
	script/init.lua:8: in main chunk
Error while trying to close game server socket: Bad file descriptor
Error while trying to close game server socket: Bad file descriptor
Error while trying to close game server socket: Bad file descriptor
Error while trying to close game server socket: Bad file descriptor
Error on init event: script/init.lua:23: attempt to call field 'port' (a number value)
stack traceback:
	script/init.lua:23: in main chunk
Error while trying to close game server socket: Bad file descriptor
Error while trying to close game server socket: Bad file descriptor
Error while trying to close game server socket: Bad file descriptor
Error while trying to close game server socket: Bad file descriptor
Error on init event: script/init.lua:23: attempt to concatenate field 'port' (a nil value)
stack traceback:
	script/init.lua:23: in main chunk
Error while trying to close game server socket: Bad file descriptor
Error on init event: script/init.lua:23: attempt to call field 'port' (a nil value)
stack traceback:
	script/init.lua:23: in main chunk
Error while trying to close game server socket: Bad file descriptor
Error on init event: script/init.lua:23: attempt to call field 'port' (a nil value)
stack traceback:
	script/init.lua:23: in main chunk
Error while trying to close game server socket: Bad file descriptor
Error while trying to close game server socket: Bad file descriptor
Error on init event: script/as/server.lua:35: attempt to index global 'as' (a nil value)
stack traceback:
	script/as/server.lua:35: in main chunk
	[C]: in function 'require'
	script/init.lua:10: in main chunk
Error while trying to close game server socket: Bad file descriptor
Error while trying to close game server socket: Bad file descriptor
Error while trying to close game server socket: Bad file descriptor
Error on init event: script/as/event.lua:107: attempt to index global 's' (a nil value)
stack traceback:
	script/as/event.lua:107: in function 'init'
	script/init.lua:20: in main chunk
Error on init event: script/as/serverexec.lua:54: attempt to index global 'server' (a nil value)
stack traceback:
	script/as/serverexec.lua:54: in function 'open'
	script/init.lua:23: in main chunk
Error while trying to close game server socket: Bad file descriptor
Error on init event: script/as/event.lua:89: attempt to call field 'addListner' (a nil value)
stack traceback:
	script/as/event.lua:89: in function 'addListner'
	script/as/serverexec.lua:54: in function 'open'
	script/init.lua:36: in main chunk
Error while trying to close game server socket: Bad file descriptor
Error on init event: script/as/event.lua:89: attempt to call global 'addListner' (a nil value)
stack traceback:
	script/as/event.lua:89: in function 'addListner'
	script/as/serverexec.lua:54: in function 'open'
	script/init.lua:36: in main chunk
Error while trying to close game server socket: Bad file descriptor
Error while trying to close game server socket: Bad file descriptor
Error while trying to close game server socket: Bad file descriptor
